<?xml version="1.0" encoding="UTF-8"?>
<testsuites name="Mocha Tests" time="2.324" tests="9" failures="0">
  <testsuite name="Root Suite" timestamp="2018-11-22T05:37:02" tests="0" failures="0" time="0">
  </testsuite>
  <testsuite name="Contract: NetworkToken" timestamp="2018-11-22T05:37:02" tests="0" file="C:\Users\abcoathup\Projects\networktoken\test\NetworkToken.test.js" failures="0" time="0">
  </testsuite>
  <testsuite name="token details" timestamp="2018-11-22T05:37:04" tests="6" file="C:\Users\abcoathup\Projects\networktoken\test\NetworkToken.test.js" failures="0" time="0.718">
    <testcase name="Contract: NetworkToken token details has a name" time="0.14" classname="has a name">
    </testcase>
    <testcase name="Contract: NetworkToken token details has a symbol" time="0.14" classname="has a symbol">
    </testcase>
    <testcase name="Contract: NetworkToken token details has 18 decimals" time="0.11" classname="has 18 decimals">
    </testcase>
    <testcase name="Contract: NetworkToken token details has a 0 total supply" time="0.11" classname="has a 0 total supply">
    </testcase>
    <testcase name="Contract: NetworkToken token details has a 0 owner supply" time="0.109" classname="has a 0 owner supply">
    </testcase>
    <testcase name="Contract: NetworkToken token details has the cap set" time="0.109" classname="has the cap set">
    </testcase>
  </testsuite>
  <testsuite name="token minting" timestamp="2018-11-22T05:38:43" tests="3" file="C:\Users\abcoathup\Projects\networktoken\test\NetworkToken.test.js" failures="0" time="1.6059999999999999">
    <testcase name="Contract: NetworkToken token minting can mint to owner" time="0.53" classname="can mint to owner">
    </testcase>
    <testcase name="Contract: NetworkToken token minting can mint to another account" time="0.343" classname="can mint to another account">
    </testcase>
    <testcase name="Contract: NetworkToken token minting cannot mint above cap" time="0.733" classname="cannot mint above cap">
    </testcase>
  </testsuite>
</testsuites>